<?xml version="1.0" encoding="UTF-8"?>
<!-- Generated by org.testng.reporters.JUnitReportReporter -->
<testsuite skipped="0" hostname="hp" name="VerizonAutomation.Verizonautomation.WebDriverFactory" tests="1" failures="0" timestamp="22 Dec 2016 17:39:40 GMT" time="6.909" errors="0">
  <testcase name="intializeWebDriver" time="6.909" classname="VerizonAutomation.Verizonautomation.WebDriverFactory"/>
</testsuite> <!-- VerizonAutomation.Verizonautomation.WebDriverFactory -->
