<?xml version="1.0" encoding="UTF-8"?>
<!-- Generated by org.testng.reporters.JUnitReportReporter -->
<testsuite skipped="0" hostname="hp" name="VerizonAutomation.Verizonautomation.HomePage" tests="1" failures="0" timestamp="22 Dec 2016 21:57:50 GMT" time="9.173" errors="0">
  <testcase name="verizonhome" time="9.173" classname="VerizonAutomation.Verizonautomation.HomePage"/>
</testsuite> <!-- VerizonAutomation.Verizonautomation.HomePage -->
