<?xml version="1.0" encoding="UTF-8"?>
<!-- Generated by org.testng.reporters.JUnitReportReporter -->
<testsuite skipped="0" hostname="hp" name="VerizonAutomation.Verizonautomation.Verifyverizonmodules" tests="1" failures="0" timestamp="23 Dec 2016 18:26:51 GMT" time="100.863" errors="0">
  <testcase name="verifymodule" time="100.863" classname="VerizonAutomation.Verizonautomation.Verifyverizonmodules"/>
</testsuite> <!-- VerizonAutomation.Verizonautomation.Verifyverizonmodules -->
